<?xml version="1.0" encoding="UTF-8"?>
<!-- Generated by org.testng.reporters.JUnitReportReporter -->
<testsuite hostname="DESKTOP-3JUM5NA" failures="0" tests="1" name="testlerningng.TestParametrerization" time="0.000" errors="0" timestamp="2023-05-04T12:20:00 CEST" skipped="1">
  <testcase classname="testlerningng.TestParametrerization" name="doLogin" time="0.000">
    <skipped/>
  </testcase> <!-- doLogin -->
  <system-out/>
</testsuite> <!-- testlerningng.TestParametrerization -->
