<?xml version="1.0" encoding="UTF-8"?>
<!-- Generated by org.testng.reporters.JUnitReportReporter -->
<testsuite hostname="DESKTOP-3JUM5NA" failures="0" tests="1" name="testlerningng.TestCase1" time="0.003" errors="0" timestamp="2023-05-03T19:28:02 CEST" skipped="0">
  <testcase classname="testlerningng.TestCase1" name="doUserReg" time="0.003"/>
  <system-out>
    <![CDATA[Inside Do User Reg Test
Capture screenshot]]>
  </system-out>
</testsuite> <!-- testlerningng.TestCase1 -->
